{"C:\\laragon\\www\\rizki\\Technical-test\\backend\\src\\config\\db.ts": {"path":"C:\\laragon\\www\\rizki\\Technical-test\\backend\\src\\config\\db.ts","statementMap":{"0":{"start":{"line":1,"column":0},"end":{"line":1,"column":38}},"1":{"start":{"line":2,"column":0},"end":{"line":2,"column":28}},"2":{"start":{"line":3,"column":0},"end":{"line":3,"column":16}},"3":{"start":{"line":5,"column":13},"end":{"line":14,"column":2}}},"fnMap":{},"branchMap":{},"s":{"0":4,"1":4,"2":4,"3":4},"f":{},"b":{}}
,"C:\\laragon\\www\\rizki\\Technical-test\\backend\\src\\config\\redis.ts": {"path":"C:\\laragon\\www\\rizki\\Technical-test\\backend\\src\\config\\redis.ts","statementMap":{"0":{"start":{"line":1,"column":0},"end":{"line":1,"column":28}},"1":{"start":{"line":2,"column":0},"end":{"line":2,"column":28}},"2":{"start":{"line":3,"column":0},"end":{"line":3,"column":16}},"3":{"start":{"line":5,"column":13},"end":{"line":8,"column":3}}},"fnMap":{},"branchMap":{"0":{"loc":{"start":{"line":6,"column":8},"end":{"line":6,"column":45}},"type":"binary-expr","locations":[{"start":{"line":6,"column":8},"end":{"line":6,"column":30}},{"start":{"line":6,"column":34},"end":{"line":6,"column":45}}]},"1":{"loc":{"start":{"line":7,"column":8},"end":{"line":7,"column":46}},"type":"binary-expr","locations":[{"start":{"line":7,"column":8},"end":{"line":7,"column":38}},{"start":{"line":7,"column":42},"end":{"line":7,"column":46}}]}},"s":{"0":1,"1":1,"2":1,"3":1},"f":{},"b":{"0":[1,0],"1":[1,0]}}
,"C:\\laragon\\www\\rizki\\Technical-test\\backend\\src\\config\\test-db.ts": {"path":"C:\\laragon\\www\\rizki\\Technical-test\\backend\\src\\config\\test-db.ts","statementMap":{"0":{"start":{"line":2,"column":0},"end":{"line":2,"column":38}},"1":{"start":{"line":5,"column":22},"end":{"line":9,"column":2}},"2":{"start":{"line":11,"column":9},"end":{"line":11,"column":22}}},"fnMap":{},"branchMap":{},"s":{"0":2,"1":2,"2":2},"f":{},"b":{}}
,"C:\\laragon\\www\\rizki\\Technical-test\\backend\\src\\models\\audit_log.model.ts": {"path":"C:\\laragon\\www\\rizki\\Technical-test\\backend\\src\\models\\audit_log.model.ts","statementMap":{"0":{"start":{"line":1,"column":0},"end":{"line":1,"column":45}},"1":{"start":{"line":2,"column":0},"end":{"line":2,"column":41}},"2":{"start":{"line":5,"column":0},"end":{"line":5,"column":13}},"3":{"start":{"line":16,"column":0},"end":{"line":32,"column":2}}},"fnMap":{},"branchMap":{},"s":{"0":1,"1":1,"2":1,"3":1},"f":{},"b":{}}
,"C:\\laragon\\www\\rizki\\Technical-test\\backend\\src\\models\\user.model.ts": {"path":"C:\\laragon\\www\\rizki\\Technical-test\\backend\\src\\models\\user.model.ts","statementMap":{"0":{"start":{"line":1,"column":0},"end":{"line":1,"column":45}},"1":{"start":{"line":2,"column":0},"end":{"line":2,"column":41}},"2":{"start":{"line":4,"column":0},"end":{"line":4,"column":13}},"3":{"start":{"line":17,"column":0},"end":{"line":43,"column":2}}},"fnMap":{},"branchMap":{},"s":{"0":3,"1":3,"2":3,"3":3},"f":{},"b":{}}
,"C:\\laragon\\www\\rizki\\Technical-test\\backend\\src\\services\\auth.service.ts": {"path":"C:\\laragon\\www\\rizki\\Technical-test\\backend\\src\\services\\auth.service.ts","statementMap":{"0":{"start":{"line":1,"column":0},"end":{"line":1,"column":44}},"1":{"start":{"line":2,"column":0},"end":{"line":2,"column":31}},"2":{"start":{"line":3,"column":0},"end":{"line":3,"column":64}},"3":{"start":{"line":4,"column":0},"end":{"line":4,"column":46}},"4":{"start":{"line":5,"column":0},"end":{"line":5,"column":48}},"5":{"start":{"line":7,"column":28},"end":{"line":43,"column":1}},"6":{"start":{"line":8,"column":15},"end":{"line":8,"column":58}},"7":{"start":{"line":9,"column":2},"end":{"line":9,"column":61}},"8":{"start":{"line":9,"column":13},"end":{"line":9,"column":61}},"9":{"start":{"line":11,"column":18},"end":{"line":11,"column":69}},"10":{"start":{"line":12,"column":2},"end":{"line":12,"column":64}},"11":{"start":{"line":12,"column":16},"end":{"line":12,"column":64}},"12":{"start":{"line":15,"column":16},"end":{"line":17,"column":4}},"13":{"start":{"line":20,"column":2},"end":{"line":20,"column":76}},"14":{"start":{"line":23,"column":19},"end":{"line":36,"column":4}},"15":{"start":{"line":38,"column":2},"end":{"line":42,"column":4}},"16":{"start":{"line":7,"column":13},"end":{"line":7,"column":28}},"17":{"start":{"line":45,"column":30},"end":{"line":62,"column":1}},"18":{"start":{"line":46,"column":22},"end":{"line":46,"column":64}},"19":{"start":{"line":47,"column":2},"end":{"line":47,"column":53}},"20":{"start":{"line":47,"column":20},"end":{"line":47,"column":53}},"21":{"start":{"line":49,"column":23},"end":{"line":49,"column":55}},"22":{"start":{"line":51,"column":19},"end":{"line":53,"column":4}},"23":{"start":{"line":55,"column":2},"end":{"line":55,"column":45}},"24":{"start":{"line":56,"column":2},"end":{"line":56,"column":82}},"25":{"start":{"line":58,"column":2},"end":{"line":61,"column":4}},"26":{"start":{"line":45,"column":13},"end":{"line":45,"column":30}},"27":{"start":{"line":65,"column":25},"end":{"line":84,"column":1}},"28":{"start":{"line":66,"column":15},"end":{"line":79,"column":4}},"29":{"start":{"line":81,"column":2},"end":{"line":81,"column":47}},"30":{"start":{"line":81,"column":13},"end":{"line":81,"column":47}},"31":{"start":{"line":83,"column":2},"end":{"line":83,"column":14}},"32":{"start":{"line":65,"column":13},"end":{"line":65,"column":25}},"33":{"start":{"line":86,"column":29},"end":{"line":98,"column":1}},"34":{"start":{"line":88,"column":15},"end":{"line":88,"column":48}},"35":{"start":{"line":89,"column":2},"end":{"line":97,"column":3}},"36":{"start":{"line":90,"column":18},"end":{"line":90,"column":44}},"37":{"start":{"line":91,"column":4},"end":{"line":96,"column":5}},"38":{"start":{"line":92,"column":27},"end":{"line":92,"column":56}},"39":{"start":{"line":93,"column":6},"end":{"line":95,"column":7}},"40":{"start":{"line":94,"column":8},"end":{"line":94,"column":35}},"41":{"start":{"line":86,"column":13},"end":{"line":86,"column":29}}},"fnMap":{"0":{"name":"(anonymous_1)","decl":{"start":{"line":7,"column":28},"end":{"line":7,"column":33}},"loc":{"start":{"line":7,"column":73},"end":{"line":43,"column":1}}},"1":{"name":"(anonymous_2)","decl":{"start":{"line":45,"column":30},"end":{"line":45,"column":35}},"loc":{"start":{"line":45,"column":57},"end":{"line":62,"column":1}}},"2":{"name":"(anonymous_3)","decl":{"start":{"line":65,"column":25},"end":{"line":65,"column":30}},"loc":{"start":{"line":65,"column":50},"end":{"line":84,"column":1}}},"3":{"name":"(anonymous_4)","decl":{"start":{"line":86,"column":29},"end":{"line":86,"column":34}},"loc":{"start":{"line":86,"column":54},"end":{"line":98,"column":1}}}},"branchMap":{"0":{"loc":{"start":{"line":9,"column":2},"end":{"line":9,"column":61}},"type":"if","locations":[{"start":{"line":9,"column":2},"end":{"line":9,"column":61}},{"start":{},"end":{}}]},"1":{"loc":{"start":{"line":12,"column":2},"end":{"line":12,"column":64}},"type":"if","locations":[{"start":{"line":12,"column":2},"end":{"line":12,"column":64}},{"start":{},"end":{}}]},"2":{"loc":{"start":{"line":47,"column":2},"end":{"line":47,"column":53}},"type":"if","locations":[{"start":{"line":47,"column":2},"end":{"line":47,"column":53}},{"start":{},"end":{}}]},"3":{"loc":{"start":{"line":81,"column":2},"end":{"line":81,"column":47}},"type":"if","locations":[{"start":{"line":81,"column":2},"end":{"line":81,"column":47}},{"start":{},"end":{}}]},"4":{"loc":{"start":{"line":91,"column":4},"end":{"line":96,"column":5}},"type":"if","locations":[{"start":{"line":91,"column":4},"end":{"line":96,"column":5}},{"start":{},"end":{}}]},"5":{"loc":{"start":{"line":93,"column":6},"end":{"line":95,"column":7}},"type":"if","locations":[{"start":{"line":93,"column":6},"end":{"line":95,"column":7}},{"start":{},"end":{}}]}},"s":{"0":1,"1":1,"2":1,"3":1,"4":1,"5":1,"6":3,"7":3,"8":1,"9":2,"10":2,"11":1,"12":1,"13":1,"14":1,"15":1,"16":1,"17":1,"18":2,"19":2,"20":1,"21":1,"22":1,"23":1,"24":1,"25":1,"26":1,"27":1,"28":2,"29":2,"30":1,"31":1,"32":1,"33":1,"34":2,"35":2,"36":5,"37":5,"38":4,"39":4,"40":3,"41":1},"f":{"0":3,"1":2,"2":2,"3":2},"b":{"0":[1,2],"1":[1,1],"2":[1,1],"3":[1,1],"4":[4,1],"5":[3,1]}}
,"C:\\laragon\\www\\rizki\\Technical-test\\backend\\src\\services\\user.service.ts": {"path":"C:\\laragon\\www\\rizki\\Technical-test\\backend\\src\\services\\user.service.ts","statementMap":{"0":{"start":{"line":2,"column":0},"end":{"line":2,"column":44}},"1":{"start":{"line":3,"column":0},"end":{"line":3,"column":45}},"2":{"start":{"line":5,"column":0},"end":{"line":5,"column":31}},"3":{"start":{"line":8,"column":31},"end":{"line":54,"column":1}},"4":{"start":{"line":9,"column":85},"end":{"line":9,"column":90}},"5":{"start":{"line":11,"column":17},"end":{"line":11,"column":37}},"6":{"start":{"line":12,"column":21},"end":{"line":12,"column":41}},"7":{"start":{"line":15,"column":2},"end":{"line":17,"column":3}},"8":{"start":{"line":16,"column":4},"end":{"line":16,"column":94}},"9":{"start":{"line":20,"column":2},"end":{"line":22,"column":3}},"10":{"start":{"line":21,"column":4},"end":{"line":21,"column":22}},"11":{"start":{"line":25,"column":2},"end":{"line":29,"column":3}},"12":{"start":{"line":26,"column":4},"end":{"line":26,"column":26}},"13":{"start":{"line":27,"column":4},"end":{"line":27,"column":80}},"14":{"start":{"line":27,"column":21},"end":{"line":27,"column":80}},"15":{"start":{"line":28,"column":4},"end":{"line":28,"column":76}},"16":{"start":{"line":28,"column":19},"end":{"line":28,"column":76}},"17":{"start":{"line":32,"column":18},"end":{"line":32,"column":94}},"18":{"start":{"line":34,"column":4},"end":{"line":36,"column":13}},"19":{"start":{"line":38,"column":26},"end":{"line":43,"column":4}},"20":{"start":{"line":45,"column":2},"end":{"line":53,"column":4}},"21":{"start":{"line":8,"column":13},"end":{"line":8,"column":31}},"22":{"start":{"line":57,"column":34},"end":{"line":59,"column":1}},"23":{"start":{"line":58,"column":2},"end":{"line":58,"column":65}},"24":{"start":{"line":57,"column":13},"end":{"line":57,"column":34}},"25":{"start":{"line":62,"column":33},"end":{"line":71,"column":1}},"26":{"start":{"line":63,"column":24},"end":{"line":63,"column":57}},"27":{"start":{"line":64,"column":15},"end":{"line":69,"column":4}},"28":{"start":{"line":70,"column":2},"end":{"line":70,"column":14}},"29":{"start":{"line":62,"column":13},"end":{"line":62,"column":33}},"30":{"start":{"line":73,"column":33},"end":{"line":90,"column":1}},"31":{"start":{"line":74,"column":15},"end":{"line":74,"column":38}},"32":{"start":{"line":75,"column":2},"end":{"line":75,"column":47}},"33":{"start":{"line":75,"column":13},"end":{"line":75,"column":47}},"34":{"start":{"line":78,"column":2},"end":{"line":82,"column":3}},"35":{"start":{"line":79,"column":5},"end":{"line":79,"column":76}},"36":{"start":{"line":80,"column":5},"end":{"line":80,"column":59}},"37":{"start":{"line":81,"column":5},"end":{"line":81,"column":50}},"38":{"start":{"line":84,"column":2},"end":{"line":87,"column":5}},"39":{"start":{"line":89,"column":2},"end":{"line":89,"column":14}},"40":{"start":{"line":73,"column":13},"end":{"line":73,"column":33}},"41":{"start":{"line":93,"column":37},"end":{"line":113,"column":1}},"42":{"start":{"line":99,"column":15},"end":{"line":99,"column":38}},"43":{"start":{"line":100,"column":2},"end":{"line":100,"column":47}},"44":{"start":{"line":100,"column":13},"end":{"line":100,"column":47}},"45":{"start":{"line":103,"column":2},"end":{"line":107,"column":3}},"46":{"start":{"line":104,"column":4},"end":{"line":104,"column":60}},"47":{"start":{"line":105,"column":4},"end":{"line":105,"column":51}},"48":{"start":{"line":106,"column":4},"end":{"line":106,"column":42}},"49":{"start":{"line":109,"column":24},"end":{"line":109,"column":52}},"50":{"start":{"line":110,"column":2},"end":{"line":110,"column":60}},"51":{"start":{"line":112,"column":2},"end":{"line":112,"column":14}},"52":{"start":{"line":93,"column":13},"end":{"line":93,"column":37}},"53":{"start":{"line":115,"column":33},"end":{"line":136,"column":1}},"54":{"start":{"line":116,"column":15},"end":{"line":116,"column":59}},"55":{"start":{"line":117,"column":2},"end":{"line":117,"column":47}},"56":{"start":{"line":117,"column":13},"end":{"line":117,"column":47}},"57":{"start":{"line":120,"column":2},"end":{"line":124,"column":3}},"58":{"start":{"line":121,"column":4},"end":{"line":121,"column":60}},"59":{"start":{"line":122,"column":4},"end":{"line":122,"column":51}},"60":{"start":{"line":123,"column":4},"end":{"line":123,"column":42}},"61":{"start":{"line":127,"column":2},"end":{"line":127,"column":23}},"62":{"start":{"line":130,"column":2},"end":{"line":133,"column":4}},"63":{"start":{"line":135,"column":2},"end":{"line":135,"column":14}},"64":{"start":{"line":115,"column":13},"end":{"line":115,"column":33}}},"fnMap":{"0":{"name":"(anonymous_0)","decl":{"start":{"line":8,"column":31},"end":{"line":8,"column":36}},"loc":{"start":{"line":8,"column":52},"end":{"line":54,"column":1}}},"1":{"name":"(anonymous_1)","decl":{"start":{"line":57,"column":34},"end":{"line":57,"column":39}},"loc":{"start":{"line":57,"column":55},"end":{"line":59,"column":1}}},"2":{"name":"(anonymous_2)","decl":{"start":{"line":62,"column":33},"end":{"line":62,"column":38}},"loc":{"start":{"line":62,"column":70},"end":{"line":71,"column":1}}},"3":{"name":"(anonymous_3)","decl":{"start":{"line":73,"column":33},"end":{"line":73,"column":38}},"loc":{"start":{"line":73,"column":97},"end":{"line":90,"column":1}}},"4":{"name":"(anonymous_4)","decl":{"start":{"line":93,"column":37},"end":{"line":93,"column":42}},"loc":{"start":{"line":98,"column":4},"end":{"line":113,"column":1}}},"5":{"name":"(anonymous_5)","decl":{"start":{"line":115,"column":33},"end":{"line":115,"column":38}},"loc":{"start":{"line":115,"column":86},"end":{"line":136,"column":1}}}},"branchMap":{"0":{"loc":{"start":{"line":9,"column":10},"end":{"line":9,"column":18}},"type":"default-arg","locations":[{"start":{"line":9,"column":17},"end":{"line":9,"column":18}}]},"1":{"loc":{"start":{"line":9,"column":20},"end":{"line":9,"column":30}},"type":"default-arg","locations":[{"start":{"line":9,"column":28},"end":{"line":9,"column":30}}]},"2":{"loc":{"start":{"line":15,"column":2},"end":{"line":17,"column":3}},"type":"if","locations":[{"start":{"line":15,"column":2},"end":{"line":17,"column":3}},{"start":{},"end":{}}]},"3":{"loc":{"start":{"line":20,"column":2},"end":{"line":22,"column":3}},"type":"if","locations":[{"start":{"line":20,"column":2},"end":{"line":22,"column":3}},{"start":{},"end":{}}]},"4":{"loc":{"start":{"line":20,"column":6},"end":{"line":20,"column":41}},"type":"binary-expr","locations":[{"start":{"line":20,"column":6},"end":{"line":20,"column":22}},{"start":{"line":20,"column":26},"end":{"line":20,"column":41}}]},"5":{"loc":{"start":{"line":25,"column":2},"end":{"line":29,"column":3}},"type":"if","locations":[{"start":{"line":25,"column":2},"end":{"line":29,"column":3}},{"start":{},"end":{}}]},"6":{"loc":{"start":{"line":25,"column":6},"end":{"line":25,"column":30}},"type":"binary-expr","locations":[{"start":{"line":25,"column":6},"end":{"line":25,"column":17}},{"start":{"line":25,"column":21},"end":{"line":25,"column":30}}]},"7":{"loc":{"start":{"line":27,"column":4},"end":{"line":27,"column":80}},"type":"if","locations":[{"start":{"line":27,"column":4},"end":{"line":27,"column":80}},{"start":{},"end":{}}]},"8":{"loc":{"start":{"line":28,"column":4},"end":{"line":28,"column":76}},"type":"if","locations":[{"start":{"line":28,"column":4},"end":{"line":28,"column":76}},{"start":{},"end":{}}]},"9":{"loc":{"start":{"line":32,"column":18},"end":{"line":32,"column":94}},"type":"cond-expr","locations":[{"start":{"line":32,"column":81},"end":{"line":32,"column":87}},{"start":{"line":32,"column":90},"end":{"line":32,"column":94}}]},"10":{"loc":{"start":{"line":32,"column":18},"end":{"line":32,"column":78}},"type":"binary-expr","locations":[{"start":{"line":32,"column":18},"end":{"line":32,"column":24}},{"start":{"line":32,"column":28},"end":{"line":32,"column":54}},{"start":{"line":32,"column":58},"end":{"line":32,"column":78}}]},"11":{"loc":{"start":{"line":34,"column":4},"end":{"line":36,"column":13}},"type":"cond-expr","locations":[{"start":{"line":35,"column":9},"end":{"line":35,"column":41}},{"start":{"line":36,"column":8},"end":{"line":36,"column":13}}]},"12":{"loc":{"start":{"line":34,"column":4},"end":{"line":34,"column":74}},"type":"binary-expr","locations":[{"start":{"line":34,"column":4},"end":{"line":34,"column":11}},{"start":{"line":34,"column":15},"end":{"line":34,"column":74}}]},"13":{"loc":{"start":{"line":75,"column":2},"end":{"line":75,"column":47}},"type":"if","locations":[{"start":{"line":75,"column":2},"end":{"line":75,"column":47}},{"start":{},"end":{}}]},"14":{"loc":{"start":{"line":78,"column":2},"end":{"line":82,"column":3}},"type":"if","locations":[{"start":{"line":78,"column":2},"end":{"line":82,"column":3}},{"start":{},"end":{}}]},"15":{"loc":{"start":{"line":79,"column":39},"end":{"line":79,"column":75}},"type":"binary-expr","locations":[{"start":{"line":79,"column":39},"end":{"line":79,"column":69}},{"start":{"line":79,"column":73},"end":{"line":79,"column":75}}]},"16":{"loc":{"start":{"line":100,"column":2},"end":{"line":100,"column":47}},"type":"if","locations":[{"start":{"line":100,"column":2},"end":{"line":100,"column":47}},{"start":{},"end":{}}]},"17":{"loc":{"start":{"line":103,"column":2},"end":{"line":107,"column":3}},"type":"if","locations":[{"start":{"line":103,"column":2},"end":{"line":107,"column":3}},{"start":{},"end":{}}]},"18":{"loc":{"start":{"line":104,"column":30},"end":{"line":104,"column":59}},"type":"binary-expr","locations":[{"start":{"line":104,"column":30},"end":{"line":104,"column":53}},{"start":{"line":104,"column":57},"end":{"line":104,"column":59}}]},"19":{"loc":{"start":{"line":117,"column":2},"end":{"line":117,"column":47}},"type":"if","locations":[{"start":{"line":117,"column":2},"end":{"line":117,"column":47}},{"start":{},"end":{}}]},"20":{"loc":{"start":{"line":120,"column":2},"end":{"line":124,"column":3}},"type":"if","locations":[{"start":{"line":120,"column":2},"end":{"line":124,"column":3}},{"start":{},"end":{}}]},"21":{"loc":{"start":{"line":121,"column":30},"end":{"line":121,"column":59}},"type":"binary-expr","locations":[{"start":{"line":121,"column":30},"end":{"line":121,"column":53}},{"start":{"line":121,"column":57},"end":{"line":121,"column":59}}]}},"s":{"0":1,"1":1,"2":1,"3":1,"4":2,"5":2,"6":2,"7":2,"8":1,"9":2,"10":1,"11":2,"12":1,"13":1,"14":1,"15":1,"16":1,"17":2,"18":2,"19":2,"20":2,"21":1,"22":1,"23":2,"24":1,"25":1,"26":1,"27":1,"28":1,"29":1,"30":1,"31":1,"32":1,"33":0,"34":1,"35":1,"36":1,"37":1,"38":1,"39":1,"40":1,"41":1,"42":1,"43":1,"44":0,"45":1,"46":1,"47":1,"48":1,"49":1,"50":1,"51":1,"52":1,"53":1,"54":1,"55":1,"56":0,"57":1,"58":1,"59":1,"60":1,"61":1,"62":1,"63":1,"64":1},"f":{"0":2,"1":2,"2":1,"3":1,"4":1,"5":1},"b":{"0":[1],"1":[1],"2":[1,1],"3":[1,1],"4":[2,2],"5":[1,1],"6":[2,1],"7":[1,0],"8":[1,0],"9":[1,1],"10":[2,1,1],"11":[1,1],"12":[2,1],"13":[0,1],"14":[1,0],"15":[1,1],"16":[0,1],"17":[1,0],"18":[1,1],"19":[0,1],"20":[1,0],"21":[1,1]}}
,"C:\\laragon\\www\\rizki\\Technical-test\\backend\\src\\utils\\hash.ts": {"path":"C:\\laragon\\www\\rizki\\Technical-test\\backend\\src\\utils\\hash.ts","statementMap":{"0":{"start":{"line":1,"column":0},"end":{"line":1,"column":28}},"1":{"start":{"line":3,"column":28},"end":{"line":6,"column":1}},"2":{"start":{"line":4,"column":15},"end":{"line":4,"column":39}},"3":{"start":{"line":5,"column":2},"end":{"line":5,"column":37}},"4":{"start":{"line":3,"column":13},"end":{"line":3,"column":28}},"5":{"start":{"line":8,"column":31},"end":{"line":10,"column":1}},"6":{"start":{"line":9,"column":2},"end":{"line":9,"column":40}},"7":{"start":{"line":8,"column":13},"end":{"line":8,"column":31}}},"fnMap":{"0":{"name":"(anonymous_1)","decl":{"start":{"line":3,"column":28},"end":{"line":3,"column":33}},"loc":{"start":{"line":3,"column":55},"end":{"line":6,"column":1}}},"1":{"name":"(anonymous_2)","decl":{"start":{"line":8,"column":31},"end":{"line":8,"column":36}},"loc":{"start":{"line":8,"column":72},"end":{"line":10,"column":1}}}},"branchMap":{},"s":{"0":3,"1":3,"2":1,"3":1,"4":3,"5":3,"6":2,"7":3},"f":{"0":1,"1":2},"b":{}}
,"C:\\laragon\\www\\rizki\\Technical-test\\backend\\src\\validators\\auth.validator.ts": {"path":"C:\\laragon\\www\\rizki\\Technical-test\\backend\\src\\validators\\auth.validator.ts","statementMap":{"0":{"start":{"line":1,"column":0},"end":{"line":1,"column":22}},"1":{"start":{"line":3,"column":13},"end":{"line":6,"column":3}}},"fnMap":{},"branchMap":{},"s":{"0":1,"1":1},"f":{},"b":{}}
,"C:\\laragon\\www\\rizki\\Technical-test\\backend\\src\\validators\\user.validator.ts": {"path":"C:\\laragon\\www\\rizki\\Technical-test\\backend\\src\\validators\\user.validator.ts","statementMap":{"0":{"start":{"line":1,"column":0},"end":{"line":1,"column":22}},"1":{"start":{"line":3,"column":13},"end":{"line":9,"column":3}},"2":{"start":{"line":11,"column":13},"end":{"line":15,"column":3}},"3":{"start":{"line":17,"column":13},"end":{"line":20,"column":3}}},"fnMap":{},"branchMap":{},"s":{"0":1,"1":1,"2":1,"3":1},"f":{},"b":{}}
}
