TN:
SF:src\config\db.ts
FNF:0
FNH:0
DA:1,4
DA:2,4
DA:3,4
DA:5,4
LF:4
LH:4
BRF:0
BRH:0
end_of_record
TN:
SF:src\config\redis.ts
FNF:0
FNH:0
DA:1,1
DA:2,1
DA:3,1
DA:5,1
LF:4
LH:4
BRDA:6,0,0,1
BRDA:6,0,1,0
BRDA:7,1,0,1
BRDA:7,1,1,0
BRF:4
BRH:2
end_of_record
TN:
SF:src\config\test-db.ts
FNF:0
FNH:0
DA:2,2
DA:5,2
DA:11,2
LF:3
LH:3
BRF:0
BRH:0
end_of_record
TN:
SF:src\models\audit_log.model.ts
FNF:0
FNH:0
DA:1,1
DA:2,1
DA:5,1
DA:16,1
LF:4
LH:4
BRF:0
BRH:0
end_of_record
TN:
SF:src\models\user.model.ts
FNF:0
FNH:0
DA:1,3
DA:2,3
DA:4,3
DA:17,3
LF:4
LH:4
BRF:0
BRH:0
end_of_record
TN:
SF:src\services\auth.service.ts
FN:7,(anonymous_1)
FN:45,(anonymous_2)
FN:65,(anonymous_3)
FN:86,(anonymous_4)
FNF:4
FNH:4
FNDA:3,(anonymous_1)
FNDA:2,(anonymous_2)
FNDA:2,(anonymous_3)
FNDA:2,(anonymous_4)
DA:1,1
DA:2,1
DA:3,1
DA:4,1
DA:5,1
DA:7,1
DA:8,3
DA:9,3
DA:11,2
DA:12,2
DA:15,1
DA:20,1
DA:23,1
DA:38,1
DA:45,1
DA:46,2
DA:47,2
DA:49,1
DA:51,1
DA:55,1
DA:56,1
DA:58,1
DA:65,1
DA:66,2
DA:81,2
DA:83,1
DA:86,1
DA:88,2
DA:89,2
DA:90,5
DA:91,5
DA:92,4
DA:93,4
DA:94,3
LF:34
LH:34
BRDA:9,0,0,1
BRDA:9,0,1,2
BRDA:12,1,0,1
BRDA:12,1,1,1
BRDA:47,2,0,1
BRDA:47,2,1,1
BRDA:81,3,0,1
BRDA:81,3,1,1
BRDA:91,4,0,4
BRDA:91,4,1,1
BRDA:93,5,0,3
BRDA:93,5,1,1
BRF:12
BRH:12
end_of_record
TN:
SF:src\services\user.service.ts
FN:8,(anonymous_0)
FN:57,(anonymous_1)
FN:62,(anonymous_2)
FN:73,(anonymous_3)
FN:93,(anonymous_4)
FN:115,(anonymous_5)
FNF:6
FNH:6
FNDA:2,(anonymous_0)
FNDA:2,(anonymous_1)
FNDA:1,(anonymous_2)
FNDA:1,(anonymous_3)
FNDA:1,(anonymous_4)
FNDA:1,(anonymous_5)
DA:2,1
DA:3,1
DA:5,1
DA:8,1
DA:9,2
DA:11,2
DA:12,2
DA:15,2
DA:16,1
DA:20,2
DA:21,1
DA:25,2
DA:26,1
DA:27,1
DA:28,1
DA:32,2
DA:34,2
DA:38,2
DA:45,2
DA:57,1
DA:58,2
DA:62,1
DA:63,1
DA:64,1
DA:70,1
DA:73,1
DA:74,1
DA:75,1
DA:78,1
DA:79,1
DA:80,1
DA:81,1
DA:84,1
DA:89,1
DA:93,1
DA:99,1
DA:100,1
DA:103,1
DA:104,1
DA:105,1
DA:106,1
DA:109,1
DA:110,1
DA:112,1
DA:115,1
DA:116,1
DA:117,1
DA:120,1
DA:121,1
DA:122,1
DA:123,1
DA:127,1
DA:130,1
DA:135,1
LF:54
LH:54
BRDA:9,0,0,1
BRDA:9,1,0,1
BRDA:15,2,0,1
BRDA:15,2,1,1
BRDA:20,3,0,1
BRDA:20,3,1,1
BRDA:20,4,0,2
BRDA:20,4,1,2
BRDA:25,5,0,1
BRDA:25,5,1,1
BRDA:25,6,0,2
BRDA:25,6,1,1
BRDA:27,7,0,1
BRDA:27,7,1,0
BRDA:28,8,0,1
BRDA:28,8,1,0
BRDA:32,9,0,1
BRDA:32,9,1,1
BRDA:32,10,0,2
BRDA:32,10,1,1
BRDA:32,10,2,1
BRDA:34,11,0,1
BRDA:34,11,1,1
BRDA:34,12,0,2
BRDA:34,12,1,1
BRDA:75,13,0,0
BRDA:75,13,1,1
BRDA:78,14,0,1
BRDA:78,14,1,0
BRDA:79,15,0,1
BRDA:79,15,1,1
BRDA:100,16,0,0
BRDA:100,16,1,1
BRDA:103,17,0,1
BRDA:103,17,1,0
BRDA:104,18,0,1
BRDA:104,18,1,1
BRDA:117,19,0,0
BRDA:117,19,1,1
BRDA:120,20,0,1
BRDA:120,20,1,0
BRDA:121,21,0,1
BRDA:121,21,1,1
BRF:43
BRH:35
end_of_record
TN:
SF:src\utils\hash.ts
FN:3,(anonymous_1)
FN:8,(anonymous_2)
FNF:2
FNH:2
FNDA:1,(anonymous_1)
FNDA:2,(anonymous_2)
DA:1,3
DA:3,3
DA:4,1
DA:5,1
DA:8,3
DA:9,2
LF:6
LH:6
BRF:0
BRH:0
end_of_record
TN:
SF:src\validators\auth.validator.ts
FNF:0
FNH:0
DA:1,1
DA:3,1
LF:2
LH:2
BRF:0
BRH:0
end_of_record
TN:
SF:src\validators\user.validator.ts
FNF:0
FNH:0
DA:1,1
DA:3,1
DA:11,1
DA:17,1
LF:4
LH:4
BRF:0
BRH:0
end_of_record
