TN:
SF:src\config\db.ts
FNF:0
FNH:0
DA:1,1
DA:2,1
DA:3,1
DA:5,1
LF:4
LH:4
BRF:0
BRH:0
end_of_record
TN:
SF:src\models\user.model.ts
FNF:0
FNH:0
DA:1,1
DA:2,1
DA:4,1
DA:17,1
LF:4
LH:4
BRF:0
BRH:0
end_of_record
TN:
SF:src\services\user.service.ts
FN:8,(anonymous_0)
FN:56,(anonymous_1)
FN:60,(anonymous_2)
FN:71,(anonymous_3)
FN:91,(anonymous_4)
FN:113,(anonymous_5)
FNF:6
FNH:6
FNDA:5,(anonymous_0)
FNDA:2,(anonymous_1)
FNDA:1,(anonymous_2)
FNDA:2,(anonymous_3)
FNDA:2,(anonymous_4)
FNDA:2,(anonymous_5)
DA:2,1
DA:3,1
DA:5,1
DA:8,1
DA:9,5
DA:11,5
DA:12,5
DA:15,5
DA:16,1
DA:20,5
DA:21,1
DA:25,5
DA:26,1
DA:27,1
DA:28,1
DA:32,5
DA:34,5
DA:38,5
DA:45,5
DA:56,1
DA:57,2
DA:60,1
DA:61,1
DA:62,1
DA:68,1
DA:71,1
DA:72,2
DA:73,2
DA:76,1
DA:77,1
DA:78,1
DA:79,1
DA:82,1
DA:87,1
DA:91,1
DA:97,2
DA:98,2
DA:101,1
DA:102,1
DA:103,1
DA:104,1
DA:107,1
DA:108,1
DA:110,1
DA:113,1
DA:114,2
DA:115,2
DA:118,1
DA:119,1
DA:120,1
DA:121,1
DA:124,1
DA:126,1
LF:53
LH:53
BRDA:9,0,0,5
BRDA:9,1,0,5
BRDA:15,2,0,1
BRDA:15,2,1,4
BRDA:20,3,0,1
BRDA:20,3,1,4
BRDA:20,4,0,5
BRDA:20,4,1,4
BRDA:25,5,0,1
BRDA:25,5,1,4
BRDA:25,6,0,5
BRDA:25,6,1,4
BRDA:27,7,0,1
BRDA:27,7,1,0
BRDA:28,8,0,1
BRDA:28,8,1,0
BRDA:32,9,0,1
BRDA:32,9,1,4
BRDA:32,10,0,5
BRDA:32,10,1,1
BRDA:32,10,2,1
BRDA:34,11,0,1
BRDA:34,11,1,4
BRDA:34,12,0,5
BRDA:34,12,1,1
BRDA:73,13,0,1
BRDA:73,13,1,1
BRDA:76,14,0,1
BRDA:76,14,1,0
BRDA:77,15,0,1
BRDA:77,15,1,0
BRDA:98,16,0,1
BRDA:98,16,1,1
BRDA:101,17,0,1
BRDA:101,17,1,0
BRDA:102,18,0,1
BRDA:102,18,1,0
BRDA:115,19,0,1
BRDA:115,19,1,1
BRDA:118,20,0,1
BRDA:118,20,1,0
BRDA:119,21,0,1
BRDA:119,21,1,0
BRF:43
BRH:35
end_of_record
TN:
SF:src\utils\hash.ts
FN:3,(anonymous_1)
FN:8,(anonymous_2)
FNF:2
FNH:0
FNDA:0,(anonymous_1)
FNDA:0,(anonymous_2)
DA:1,1
DA:3,1
DA:4,0
DA:5,0
DA:8,1
DA:9,0
LF:6
LH:3
BRF:0
BRH:0
end_of_record
